d:\onedrive - hogeschool west-vlaanderen\semester 2\programming 2\aladdin genesis forks\bu19\aladdin genesis\x64\release\engine.pdb
d:\onedrive - hogeschool west-vlaanderen\semester 2\programming 2\aladdin genesis forks\bu19\aladdin genesis\engine\x64\release\vector2f.obj
d:\onedrive - hogeschool west-vlaanderen\semester 2\programming 2\aladdin genesis forks\bu19\aladdin genesis\engine\x64\release\utils.obj
d:\onedrive - hogeschool west-vlaanderen\semester 2\programming 2\aladdin genesis forks\bu19\aladdin genesis\engine\x64\release\texture.obj
d:\onedrive - hogeschool west-vlaanderen\semester 2\programming 2\aladdin genesis forks\bu19\aladdin genesis\engine\x64\release\svgparser.obj
d:\onedrive - hogeschool west-vlaanderen\semester 2\programming 2\aladdin genesis forks\bu19\aladdin genesis\engine\x64\release\structs.obj
d:\onedrive - hogeschool west-vlaanderen\semester 2\programming 2\aladdin genesis forks\bu19\aladdin genesis\engine\x64\release\soundstream.obj
d:\onedrive - hogeschool west-vlaanderen\semester 2\programming 2\aladdin genesis forks\bu19\aladdin genesis\engine\x64\release\soundeffect.obj
d:\onedrive - hogeschool west-vlaanderen\semester 2\programming 2\aladdin genesis forks\bu19\aladdin genesis\engine\x64\release\matrix2x3.obj
d:\onedrive - hogeschool west-vlaanderen\semester 2\programming 2\aladdin genesis forks\bu19\aladdin genesis\engine\x64\release\basegame.obj
d:\onedrive - hogeschool west-vlaanderen\semester 2\programming 2\aladdin genesis forks\bu19\aladdin genesis\x64\release\engine.lib
f:\github portfolio\terentyev_alexander_aladdin_genesis\terentyev_alexander_aladdin_genesis\engine\x64\release\basegame.obj
f:\github portfolio\terentyev_alexander_aladdin_genesis\terentyev_alexander_aladdin_genesis\engine\x64\release\matrix2x3.obj
f:\github portfolio\terentyev_alexander_aladdin_genesis\terentyev_alexander_aladdin_genesis\engine\x64\release\soundeffect.obj
f:\github portfolio\terentyev_alexander_aladdin_genesis\terentyev_alexander_aladdin_genesis\engine\x64\release\soundstream.obj
f:\github portfolio\terentyev_alexander_aladdin_genesis\terentyev_alexander_aladdin_genesis\engine\x64\release\structs.obj
f:\github portfolio\terentyev_alexander_aladdin_genesis\terentyev_alexander_aladdin_genesis\engine\x64\release\svgparser.obj
f:\github portfolio\terentyev_alexander_aladdin_genesis\terentyev_alexander_aladdin_genesis\engine\x64\release\texture.obj
f:\github portfolio\terentyev_alexander_aladdin_genesis\terentyev_alexander_aladdin_genesis\engine\x64\release\utils.obj
f:\github portfolio\terentyev_alexander_aladdin_genesis\terentyev_alexander_aladdin_genesis\engine\x64\release\vector2f.obj
f:\github portfolio\terentyev_alexander_aladdin_genesis\terentyev_alexander_aladdin_genesis\engine\x64\release\engine.tlog\cl.command.1.tlog
f:\github portfolio\terentyev_alexander_aladdin_genesis\terentyev_alexander_aladdin_genesis\engine\x64\release\engine.tlog\cl.read.1.tlog
f:\github portfolio\terentyev_alexander_aladdin_genesis\terentyev_alexander_aladdin_genesis\engine\x64\release\engine.tlog\cl.write.1.tlog
f:\github portfolio\terentyev_alexander_aladdin_genesis\terentyev_alexander_aladdin_genesis\engine\x64\release\engine.tlog\lib.command.1.tlog
f:\github portfolio\terentyev_alexander_aladdin_genesis\terentyev_alexander_aladdin_genesis\engine\x64\release\engine.tlog\lib-link.read.1.tlog
f:\github portfolio\terentyev_alexander_aladdin_genesis\terentyev_alexander_aladdin_genesis\engine\x64\release\engine.tlog\lib-link.write.1.tlog
