c:\users\alxn\desktop\terentyev_alexander_aladdin_genesis\terentyev_alexander_aladdin_genesis\main\x64\debug\main.pch
c:\users\alxn\desktop\terentyev_alexander_aladdin_genesis\terentyev_alexander_aladdin_genesis\main\x64\debug\vc143.pdb
c:\users\alxn\desktop\terentyev_alexander_aladdin_genesis\terentyev_alexander_aladdin_genesis\main\x64\debug\vc143.idb
c:\users\alxn\desktop\terentyev_alexander_aladdin_genesis\terentyev_alexander_aladdin_genesis\main\x64\debug\apple.obj
c:\users\alxn\desktop\terentyev_alexander_aladdin_genesis\terentyev_alexander_aladdin_genesis\main\x64\debug\applepickup.obj
c:\users\alxn\desktop\terentyev_alexander_aladdin_genesis\terentyev_alexander_aladdin_genesis\main\x64\debug\applesparkles.obj
c:\users\alxn\desktop\terentyev_alexander_aladdin_genesis\terentyev_alexander_aladdin_genesis\main\x64\debug\applesplash.obj
c:\users\alxn\desktop\terentyev_alexander_aladdin_genesis\terentyev_alexander_aladdin_genesis\main\x64\debug\camel.obj
c:\users\alxn\desktop\terentyev_alexander_aladdin_genesis\terentyev_alexander_aladdin_genesis\main\x64\debug\camera.obj
c:\users\alxn\desktop\terentyev_alexander_aladdin_genesis\terentyev_alexander_aladdin_genesis\main\x64\debug\casketenemy.obj
c:\users\alxn\desktop\terentyev_alexander_aladdin_genesis\terentyev_alexander_aladdin_genesis\main\x64\debug\enemy.obj
c:\users\alxn\desktop\terentyev_alexander_aladdin_genesis\terentyev_alexander_aladdin_genesis\main\x64\debug\enemydeathexplosion.obj
c:\users\alxn\desktop\terentyev_alexander_aladdin_genesis\terentyev_alexander_aladdin_genesis\main\x64\debug\fallingplatform.obj
c:\users\alxn\desktop\terentyev_alexander_aladdin_genesis\terentyev_alexander_aladdin_genesis\main\x64\debug\fireparticle.obj
c:\users\alxn\desktop\terentyev_alexander_aladdin_genesis\terentyev_alexander_aladdin_genesis\main\x64\debug\game.obj
c:\users\alxn\desktop\terentyev_alexander_aladdin_genesis\terentyev_alexander_aladdin_genesis\main\x64\debug\guard.obj
c:\users\alxn\desktop\terentyev_alexander_aladdin_genesis\terentyev_alexander_aladdin_genesis\main\x64\debug\healthpickup.obj
c:\users\alxn\desktop\terentyev_alexander_aladdin_genesis\terentyev_alexander_aladdin_genesis\main\x64\debug\healthpickupparticle.obj
c:\users\alxn\desktop\terentyev_alexander_aladdin_genesis\terentyev_alexander_aladdin_genesis\main\x64\debug\healthui.obj
c:\users\alxn\desktop\terentyev_alexander_aladdin_genesis\terentyev_alexander_aladdin_genesis\main\x64\debug\hudmanager.obj
c:\users\alxn\desktop\terentyev_alexander_aladdin_genesis\terentyev_alexander_aladdin_genesis\main\x64\debug\knife.obj
c:\users\alxn\desktop\terentyev_alexander_aladdin_genesis\terentyev_alexander_aladdin_genesis\main\x64\debug\lavapool.obj
c:\users\alxn\desktop\terentyev_alexander_aladdin_genesis\terentyev_alexander_aladdin_genesis\main\x64\debug\level.obj
c:\users\alxn\desktop\terentyev_alexander_aladdin_genesis\terentyev_alexander_aladdin_genesis\main\x64\debug\main.obj
c:\users\alxn\desktop\terentyev_alexander_aladdin_genesis\terentyev_alexander_aladdin_genesis\main\x64\debug\particle.obj
c:\users\alxn\desktop\terentyev_alexander_aladdin_genesis\terentyev_alexander_aladdin_genesis\main\x64\debug\particlemanager.obj
c:\users\alxn\desktop\terentyev_alexander_aladdin_genesis\terentyev_alexander_aladdin_genesis\main\x64\debug\pch.obj
c:\users\alxn\desktop\terentyev_alexander_aladdin_genesis\terentyev_alexander_aladdin_genesis\main\x64\debug\pickup.obj
c:\users\alxn\desktop\terentyev_alexander_aladdin_genesis\terentyev_alexander_aladdin_genesis\main\x64\debug\platform.obj
c:\users\alxn\desktop\terentyev_alexander_aladdin_genesis\terentyev_alexander_aladdin_genesis\main\x64\debug\player.obj
c:\users\alxn\desktop\terentyev_alexander_aladdin_genesis\terentyev_alexander_aladdin_genesis\main\x64\debug\pot.obj
c:\users\alxn\desktop\terentyev_alexander_aladdin_genesis\terentyev_alexander_aladdin_genesis\main\x64\debug\potexplosion.obj
c:\users\alxn\desktop\terentyev_alexander_aladdin_genesis\terentyev_alexander_aladdin_genesis\main\x64\debug\potthrower.obj
c:\users\alxn\desktop\terentyev_alexander_aladdin_genesis\terentyev_alexander_aladdin_genesis\main\x64\debug\projectile.obj
c:\users\alxn\desktop\terentyev_alexander_aladdin_genesis\terentyev_alexander_aladdin_genesis\main\x64\debug\rangedenemy.obj
c:\users\alxn\desktop\terentyev_alexander_aladdin_genesis\terentyev_alexander_aladdin_genesis\main\x64\debug\rope.obj
c:\users\alxn\desktop\terentyev_alexander_aladdin_genesis\terentyev_alexander_aladdin_genesis\main\x64\debug\soundmanager.obj
c:\users\alxn\desktop\terentyev_alexander_aladdin_genesis\terentyev_alexander_aladdin_genesis\main\x64\debug\spit.obj
c:\users\alxn\desktop\terentyev_alexander_aladdin_genesis\terentyev_alexander_aladdin_genesis\main\x64\debug\texturemanager.obj
c:\users\alxn\desktop\terentyev_alexander_aladdin_genesis\terentyev_alexander_aladdin_genesis\main\x64\debug\uibase.obj
c:\users\alxn\desktop\terentyev_alexander_aladdin_genesis\terentyev_alexander_aladdin_genesis\main\x64\debug\main.ilk
c:\users\alxn\desktop\terentyev_alexander_aladdin_genesis\terentyev_alexander_aladdin_genesis\x64\debug\main.exe
c:\users\alxn\desktop\terentyev_alexander_aladdin_genesis\terentyev_alexander_aladdin_genesis\x64\debug\main.pdb
c:\users\alxn\desktop\terentyev_alexander_aladdin_genesis\terentyev_alexander_aladdin_genesis\main\x64\debug\main.res
c:\users\alxn\desktop\terentyev_alexander_aladdin_genesis\terentyev_alexander_aladdin_genesis\main\x64\debug\main.tlog\cl.command.1.tlog
c:\users\alxn\desktop\terentyev_alexander_aladdin_genesis\terentyev_alexander_aladdin_genesis\main\x64\debug\main.tlog\cl.items.tlog
c:\users\alxn\desktop\terentyev_alexander_aladdin_genesis\terentyev_alexander_aladdin_genesis\main\x64\debug\main.tlog\cl.read.1.tlog
c:\users\alxn\desktop\terentyev_alexander_aladdin_genesis\terentyev_alexander_aladdin_genesis\main\x64\debug\main.tlog\cl.write.1.tlog
c:\users\alxn\desktop\terentyev_alexander_aladdin_genesis\terentyev_alexander_aladdin_genesis\main\x64\debug\main.tlog\link.command.1.tlog
c:\users\alxn\desktop\terentyev_alexander_aladdin_genesis\terentyev_alexander_aladdin_genesis\main\x64\debug\main.tlog\link.read.1.tlog
c:\users\alxn\desktop\terentyev_alexander_aladdin_genesis\terentyev_alexander_aladdin_genesis\main\x64\debug\main.tlog\link.write.1.tlog
c:\users\alxn\desktop\terentyev_alexander_aladdin_genesis\terentyev_alexander_aladdin_genesis\main\x64\debug\main.tlog\rc.command.1.tlog
c:\users\alxn\desktop\terentyev_alexander_aladdin_genesis\terentyev_alexander_aladdin_genesis\main\x64\debug\main.tlog\rc.read.1.tlog
c:\users\alxn\desktop\terentyev_alexander_aladdin_genesis\terentyev_alexander_aladdin_genesis\main\x64\debug\main.tlog\rc.write.1.tlog
