d:\onedrive - hogeschool west-vlaanderen\semester 2\programming 2\aladdin genesis forks\bu19\aladdin genesis\main\x64\release\vc143.pdb
d:\onedrive - hogeschool west-vlaanderen\semester 2\programming 2\aladdin genesis forks\bu19\aladdin genesis\main\x64\release\player.obj
d:\onedrive - hogeschool west-vlaanderen\semester 2\programming 2\aladdin genesis forks\bu19\aladdin genesis\main\x64\release\platform.obj
d:\onedrive - hogeschool west-vlaanderen\semester 2\programming 2\aladdin genesis forks\bu19\aladdin genesis\main\x64\release\pickup.obj
d:\onedrive - hogeschool west-vlaanderen\semester 2\programming 2\aladdin genesis forks\bu19\aladdin genesis\main\x64\release\pch.obj
d:\onedrive - hogeschool west-vlaanderen\semester 2\programming 2\aladdin genesis forks\bu19\aladdin genesis\main\x64\release\particlemanager.obj
d:\onedrive - hogeschool west-vlaanderen\semester 2\programming 2\aladdin genesis forks\bu19\aladdin genesis\main\x64\release\particle.obj
d:\onedrive - hogeschool west-vlaanderen\semester 2\programming 2\aladdin genesis forks\bu19\aladdin genesis\main\x64\release\main.obj
d:\onedrive - hogeschool west-vlaanderen\semester 2\programming 2\aladdin genesis forks\bu19\aladdin genesis\main\x64\release\level.obj
d:\onedrive - hogeschool west-vlaanderen\semester 2\programming 2\aladdin genesis forks\bu19\aladdin genesis\main\x64\release\lavapool.obj
d:\onedrive - hogeschool west-vlaanderen\semester 2\programming 2\aladdin genesis forks\bu19\aladdin genesis\main\x64\release\knife.obj
d:\onedrive - hogeschool west-vlaanderen\semester 2\programming 2\aladdin genesis forks\bu19\aladdin genesis\main\x64\release\game.obj
d:\onedrive - hogeschool west-vlaanderen\semester 2\programming 2\aladdin genesis forks\bu19\aladdin genesis\main\x64\release\fallingplatform.obj
d:\onedrive - hogeschool west-vlaanderen\semester 2\programming 2\aladdin genesis forks\bu19\aladdin genesis\main\x64\release\enemydeathexplosion.obj
d:\onedrive - hogeschool west-vlaanderen\semester 2\programming 2\aladdin genesis forks\bu19\aladdin genesis\main\x64\release\enemy.obj
d:\onedrive - hogeschool west-vlaanderen\semester 2\programming 2\aladdin genesis forks\bu19\aladdin genesis\main\x64\release\camera.obj
d:\onedrive - hogeschool west-vlaanderen\semester 2\programming 2\aladdin genesis forks\bu19\aladdin genesis\main\x64\release\camel.obj
d:\onedrive - hogeschool west-vlaanderen\semester 2\programming 2\aladdin genesis forks\bu19\aladdin genesis\main\x64\release\applesplash.obj
d:\onedrive - hogeschool west-vlaanderen\semester 2\programming 2\aladdin genesis forks\bu19\aladdin genesis\main\x64\release\applesparkles.obj
d:\onedrive - hogeschool west-vlaanderen\semester 2\programming 2\aladdin genesis forks\bu19\aladdin genesis\main\x64\release\applepickup.obj
d:\onedrive - hogeschool west-vlaanderen\semester 2\programming 2\aladdin genesis forks\bu19\aladdin genesis\main\x64\release\apple.obj
d:\onedrive - hogeschool west-vlaanderen\semester 2\programming 2\aladdin genesis forks\bu19\aladdin genesis\main\x64\release\spit.obj
d:\onedrive - hogeschool west-vlaanderen\semester 2\programming 2\aladdin genesis forks\bu19\aladdin genesis\main\x64\release\soundmanager.obj
d:\onedrive - hogeschool west-vlaanderen\semester 2\programming 2\aladdin genesis forks\bu19\aladdin genesis\main\x64\release\rope.obj
d:\onedrive - hogeschool west-vlaanderen\semester 2\programming 2\aladdin genesis forks\bu19\aladdin genesis\main\x64\release\rangedenemy.obj
d:\onedrive - hogeschool west-vlaanderen\semester 2\programming 2\aladdin genesis forks\bu19\aladdin genesis\main\x64\release\projectile.obj
d:\onedrive - hogeschool west-vlaanderen\semester 2\programming 2\aladdin genesis forks\bu19\aladdin genesis\main\x64\release\potthrower.obj
d:\onedrive - hogeschool west-vlaanderen\semester 2\programming 2\aladdin genesis forks\bu19\aladdin genesis\main\x64\release\potexplosion.obj
d:\onedrive - hogeschool west-vlaanderen\semester 2\programming 2\aladdin genesis forks\bu19\aladdin genesis\main\x64\release\pot.obj
d:\onedrive - hogeschool west-vlaanderen\semester 2\programming 2\aladdin genesis forks\bu19\aladdin genesis\x64\release\main.exe
d:\onedrive - hogeschool west-vlaanderen\semester 2\programming 2\aladdin genesis forks\bu19\aladdin genesis\x64\release\main.pdb
d:\onedrive - hogeschool west-vlaanderen\semester 2\programming 2\aladdin genesis forks\bu19\aladdin genesis\main\x64\release\main.iobj
d:\onedrive - hogeschool west-vlaanderen\semester 2\programming 2\aladdin genesis forks\bu19\aladdin genesis\main\x64\release\main.res
f:\github portfolio\terentyev_alexander_aladdin_genesis\terentyev_alexander_aladdin_genesis\main\x64\release\apple.obj
f:\github portfolio\terentyev_alexander_aladdin_genesis\terentyev_alexander_aladdin_genesis\main\x64\release\applepickup.obj
f:\github portfolio\terentyev_alexander_aladdin_genesis\terentyev_alexander_aladdin_genesis\main\x64\release\applesparkles.obj
f:\github portfolio\terentyev_alexander_aladdin_genesis\terentyev_alexander_aladdin_genesis\main\x64\release\applesplash.obj
f:\github portfolio\terentyev_alexander_aladdin_genesis\terentyev_alexander_aladdin_genesis\main\x64\release\camel.obj
f:\github portfolio\terentyev_alexander_aladdin_genesis\terentyev_alexander_aladdin_genesis\main\x64\release\camera.obj
f:\github portfolio\terentyev_alexander_aladdin_genesis\terentyev_alexander_aladdin_genesis\main\x64\release\enemy.obj
f:\github portfolio\terentyev_alexander_aladdin_genesis\terentyev_alexander_aladdin_genesis\main\x64\release\enemydeathexplosion.obj
f:\github portfolio\terentyev_alexander_aladdin_genesis\terentyev_alexander_aladdin_genesis\main\x64\release\fallingplatform.obj
f:\github portfolio\terentyev_alexander_aladdin_genesis\terentyev_alexander_aladdin_genesis\main\x64\release\game.obj
f:\github portfolio\terentyev_alexander_aladdin_genesis\terentyev_alexander_aladdin_genesis\main\x64\release\knife.obj
f:\github portfolio\terentyev_alexander_aladdin_genesis\terentyev_alexander_aladdin_genesis\main\x64\release\lavapool.obj
f:\github portfolio\terentyev_alexander_aladdin_genesis\terentyev_alexander_aladdin_genesis\main\x64\release\level.obj
f:\github portfolio\terentyev_alexander_aladdin_genesis\terentyev_alexander_aladdin_genesis\main\x64\release\main.obj
f:\github portfolio\terentyev_alexander_aladdin_genesis\terentyev_alexander_aladdin_genesis\main\x64\release\particle.obj
f:\github portfolio\terentyev_alexander_aladdin_genesis\terentyev_alexander_aladdin_genesis\main\x64\release\particlemanager.obj
f:\github portfolio\terentyev_alexander_aladdin_genesis\terentyev_alexander_aladdin_genesis\main\x64\release\pch.obj
f:\github portfolio\terentyev_alexander_aladdin_genesis\terentyev_alexander_aladdin_genesis\main\x64\release\pickup.obj
f:\github portfolio\terentyev_alexander_aladdin_genesis\terentyev_alexander_aladdin_genesis\main\x64\release\platform.obj
f:\github portfolio\terentyev_alexander_aladdin_genesis\terentyev_alexander_aladdin_genesis\main\x64\release\player.obj
f:\github portfolio\terentyev_alexander_aladdin_genesis\terentyev_alexander_aladdin_genesis\main\x64\release\pot.obj
f:\github portfolio\terentyev_alexander_aladdin_genesis\terentyev_alexander_aladdin_genesis\main\x64\release\potexplosion.obj
f:\github portfolio\terentyev_alexander_aladdin_genesis\terentyev_alexander_aladdin_genesis\main\x64\release\potthrower.obj
f:\github portfolio\terentyev_alexander_aladdin_genesis\terentyev_alexander_aladdin_genesis\main\x64\release\projectile.obj
f:\github portfolio\terentyev_alexander_aladdin_genesis\terentyev_alexander_aladdin_genesis\main\x64\release\rangedenemy.obj
f:\github portfolio\terentyev_alexander_aladdin_genesis\terentyev_alexander_aladdin_genesis\main\x64\release\rope.obj
f:\github portfolio\terentyev_alexander_aladdin_genesis\terentyev_alexander_aladdin_genesis\main\x64\release\soundmanager.obj
f:\github portfolio\terentyev_alexander_aladdin_genesis\terentyev_alexander_aladdin_genesis\main\x64\release\spit.obj
f:\github portfolio\terentyev_alexander_aladdin_genesis\terentyev_alexander_aladdin_genesis\main\x64\release\main.ipdb
f:\github portfolio\terentyev_alexander_aladdin_genesis\terentyev_alexander_aladdin_genesis\main\x64\release\main.iobj
f:\github portfolio\terentyev_alexander_aladdin_genesis\terentyev_alexander_aladdin_genesis\main\x64\release\main.res
f:\github portfolio\terentyev_alexander_aladdin_genesis\terentyev_alexander_aladdin_genesis\main\x64\release\vc143.pdb
f:\github portfolio\terentyev_alexander_aladdin_genesis\terentyev_alexander_aladdin_genesis\main\x64\release\main.tlog\cl.command.1.tlog
f:\github portfolio\terentyev_alexander_aladdin_genesis\terentyev_alexander_aladdin_genesis\main\x64\release\main.tlog\cl.read.1.tlog
f:\github portfolio\terentyev_alexander_aladdin_genesis\terentyev_alexander_aladdin_genesis\main\x64\release\main.tlog\cl.write.1.tlog
f:\github portfolio\terentyev_alexander_aladdin_genesis\terentyev_alexander_aladdin_genesis\main\x64\release\main.tlog\link.command.1.tlog
f:\github portfolio\terentyev_alexander_aladdin_genesis\terentyev_alexander_aladdin_genesis\main\x64\release\main.tlog\link.read.1.tlog
f:\github portfolio\terentyev_alexander_aladdin_genesis\terentyev_alexander_aladdin_genesis\main\x64\release\main.tlog\link.write.1.tlog
f:\github portfolio\terentyev_alexander_aladdin_genesis\terentyev_alexander_aladdin_genesis\main\x64\release\main.tlog\rc.command.1.tlog
f:\github portfolio\terentyev_alexander_aladdin_genesis\terentyev_alexander_aladdin_genesis\main\x64\release\main.tlog\rc.read.1.tlog
f:\github portfolio\terentyev_alexander_aladdin_genesis\terentyev_alexander_aladdin_genesis\main\x64\release\main.tlog\rc.write.1.tlog
